{"logTime": "0303/102638", "correlationVector":"m5VmkAOwwfCWpt1tN0aRso.1","action":"SyncServerConnectionManagerRequest", "result":"SYNC_SERVER_OK", "context":{"environment":"Prod_westeurope_prod-s01-080-eur-westeurope", "migrationStage":"NotStarted", "server":"akswtt112000018"}}
{"logTime": "0303/102638", "correlationVector":"m5VmkAOwwfCWpt1tN0aRso.2","action":"ProcessGetUpdates", "result":"Done", "context":{"dataType":"Encryption Keys", "deleted":"0", "process_failed_to_decrypt":"0", "process_pending_decryption":"0", "process_success":"1", "total":"1"}}
{"logTime": "0303/102638", "correlationVector":"BhWI/v45jtTcBj2ht8sWtq","action":"SyncServerConnectionManagerRequest", "result":"SYNC_SERVER_OK", "context":{"environment":"", "migrationStage":"", "server":""}}
{"logTime": "0303/102638", "correlationVector":"BhWI/v45jtTcBj2ht8sWtq.0","action":"EncryptionKeysFetcher.DownloadKeys:", "result":"Success", "context":Key count: 8, Last key timestamp: 2026-02-25T19:48:45Z}
{"logTime": "0303/102638", "correlationVector":"BhWI/v45jtTcBj2ht8sWtq.1","action":"EncryptionKeysManager::SetEncryptionKeys:", "result":"Success", "context":Key names[8]:[/FWRXpBAAkbRvgXaE9oWNUN5O79GaNTL9JEX0KnMKnAFdOdT/QZ2j5Xbhotx5UOKAy15Oa8Xng2DDcuEO6RamA==][vVCjUGqhI/BayStUB+qzI/NrbcaLDDr7cAvlIr1wL9nFo2698ciNqeOh4Ynqad0UwK0eC16JRzZVp4ck+KzWZw==][sMte3XpFsWJgFlnIFruZ6cIhXKENSwT9hCScAAOUaf5hd5AeFrHwAM5Ka85cSV2t+nlE+1Sr5bDNiq8gc3VF5A==][w1mEnTcHmAlEaEh/BewN08YacDuqf/YmB1BxyFL2URy9C5Dv/8OvpW93gQGfeRjBiCi7CRWY8u+a06BkfgGj+g==][dW2fIjFDzrVtFXPpmgEdVdnPk/pCZHr4jI6L1lDNfSxsuqG4jQ323ImOsGmoa51u8AOAPmGg5vMcLIErcpfEIA==][EeVN66KODtCLksHk9nsSi5ih/wmXFr7BHn63uO20Abcrn/pB0PCuApREpFGd7I0742m368tB6EZC7cBnNZbF5w==][V8elbE+iDyeiYhKCqowVkLHFwtxNJny9m8MxXaOW7N550paj80PbzeMYIA4nbA1XE1IWj5+cSTxsF+RA1qhO2Q==][yZgMFr1zpjKoXRIAYPD+rLIeYpG4W00pQmhGc/A+kpy47oWAC3nFSqSCvlN+qN3q+AlmD+Sp6Png0/vBhhUt4w==]}
{"logTime": "0303/102638", "correlationVector":"BhWI/v45jtTcBj2ht8sWtq.2","action":"EncryptionKeysManager::SetEncryptionKeysWithTimestamps:", "result":"Success", "context":Key timestamps[8]:[2022-11-23T09:50:24Z][2023-06-11T11:48:17Z][2023-12-13T17:49:53Z][2024-06-23T20:31:43Z][2024-12-28T18:22:26Z][2025-02-26T11:26:48Z][2025-11-20T15:35:20Z][2026-02-25T19:48:45Z]}
{"logTime": "0303/102638", "correlationVector":"m5VmkAOwwfCWpt1tN0aRso","action":"Initial GetUpdates", "result":"", "context":Reason: NEW_CLIENT. cV=m5VmkAOwwfCWpt1tN0aRso}
{"logTime": "0303/102638", "correlationVector":"m5VmkAOwwfCWpt1tN0aRso.3","action":"GetUpdates Response", "result":"Success", "context":Received 1 update(s). cV=m5VmkAOwwfCWpt1tN0aRso.0;server=akswtt112000018;cloudType=Consumer;environment=Prod_westeurope_prod-s01-080-eur-westeurope;migrationStage=NotStarted}
{"logTime": "0303/102638", "correlationVector":"p3TBEP/QNoBl2tR4ZixaHi","action":"Initial GetUpdates", "result":"", "context":Reason: NEWLY_SUPPORTED_DATATYPE. cV=p3TBEP/QNoBl2tR4ZixaHi}
{"logTime": "0303/102639", "correlationVector":"p3TBEP/QNoBl2tR4ZixaHi.1","action":"SyncServerConnectionManagerRequest", "result":"SYNC_SERVER_OK", "context":{"environment":"Prod_germanywestcentral_prod-s01-010-eur-germanywestcentral", "migrationStage":"NotStarted", "server":"akswtt1100000a7"}}
{"logTime": "0303/102639", "correlationVector":"p3TBEP/QNoBl2tR4ZixaHi.2","action":"ProcessGetUpdates", "result":"Done", "context":{"dataType":"Preferences", "deleted":"0", "process_failed_to_decrypt":"0", "process_pending_decryption":"0", "process_success":"66", "total":"66"}}
{"logTime": "0303/102639", "correlationVector":"p3TBEP/QNoBl2tR4ZixaHi.3","action":"ProcessGetUpdates", "result":"Done", "context":{"dataType":"Passwords", "deleted":"0", "process_failed_to_decrypt":"0", "process_pending_decryption":"0", "process_success":"16", "total":"16"}}
{"logTime": "0303/102639", "correlationVector":"p3TBEP/QNoBl2tR4ZixaHi.4","action":"ProcessGetUpdates", "result":"Done", "context":{"dataType":"Device Info", "deleted":"0", "process_failed_to_decrypt":"0", "process_pending_decryption":"0", "process_success":"27", "total":"27"}}
{"logTime": "0303/102639", "correlationVector":"p3TBEP/QNoBl2tR4ZixaHi.5","action":"GetUpdates Response", "result":"Success", "context":Received 109 update(s). cV=p3TBEP/QNoBl2tR4ZixaHi.0;server=akswtt1100000a7;cloudType=Consumer;environment=Prod_germanywestcentral_prod-s01-010-eur-germanywestcentral;migrationStage=NotStarted}
{"logTime": "0303/102639", "correlationVector":"TLg8Wwc8uNBl2XfaPd0sze","action":"Initial GetUpdates", "result":"", "context":Reason: NEWLY_SUPPORTED_DATATYPE. cV=TLg8Wwc8uNBl2XfaPd0sze}
{"logTime": "0303/102639", "correlationVector":"TLg8Wwc8uNBl2XfaPd0sze.1","action":"SyncServerConnectionManagerRequest", "result":"SYNC_SERVER_OK", "context":{"environment":"Prod_germanywestcentral_prod-s01-011-eur-germanywestcentral", "migrationStage":"NotStarted", "server":"akswtt00200002c"}}
{"logTime": "0303/102639", "correlationVector":"TLg8Wwc8uNBl2XfaPd0sze.2","action":"ProcessGetUpdates", "result":"Done", "context":{"dataType":"Bookmarks", "deleted":"0", "process_failed_to_decrypt":"0", "process_pending_decryption":"0", "process_success":"7", "total":"7"}}
{"logTime": "0303/102639", "correlationVector":"TLg8Wwc8uNBl2XfaPd0sze.3","action":"GetUpdates Response", "result":"Success", "context":Received 7 update(s). cV=TLg8Wwc8uNBl2XfaPd0sze.0;server=akswtt00200002c;cloudType=Consumer;environment=Prod_germanywestcentral_prod-s01-011-eur-germanywestcentral;migrationStage=NotStarted}
{"logTime": "0303/102639", "correlationVector":"Zk/llskIel+8LRMXe4yZ+p","action":"Initial GetUpdates", "result":"", "context":Reason: NEWLY_SUPPORTED_DATATYPE. cV=Zk/llskIel+8LRMXe4yZ+p}
{"logTime": "0303/102639", "correlationVector":"Zk/llskIel+8LRMXe4yZ+p.1","action":"SyncServerConnectionManagerRequest", "result":"SYNC_SERVER_OK", "context":{"environment":"Prod_germanywestcentral_prod-s01-010-eur-germanywestcentral", "migrationStage":"NotStarted", "server":"akswtt1100000b6"}}
{"logTime": "0303/102639", "correlationVector":"Zk/llskIel+8LRMXe4yZ+p.2","action":"ProcessGetUpdates", "result":"Done", "context":{"dataType":"Autofill", "deleted":"0", "process_failed_to_decrypt":"0", "process_pending_decryption":"0", "process_success":"8", "total":"8"}}
{"logTime": "0303/102639", "correlationVector":"Zk/llskIel+8LRMXe4yZ+p.3","action":"ProcessGetUpdates", "result":"Done", "context":{"dataType":"Sessions", "deleted":"7", "process_failed_to_decrypt":"0", "process_pending_decryption":"0", "process_success":"11", "total":"11"}}
{"logTime": "0303/102639", "correlationVector":"Zk/llskIel+8LRMXe4yZ+p.4","action":"ProcessGetUpdates", "result":"Done", "context":{"dataType":"Edge Hub App Usage", "deleted":"0", "process_failed_to_decrypt":"0", "process_pending_decryption":"0", "process_success":"5", "total":"5"}}
{"logTime": "0303/102639", "correlationVector":"Zk/llskIel+8LRMXe4yZ+p.5","action":"GetUpdates Response", "result":"Success", "context":Received 24 update(s). cV=Zk/llskIel+8LRMXe4yZ+p.0;server=akswtt1100000b6;cloudType=Consumer;environment=Prod_germanywestcentral_prod-s01-010-eur-germanywestcentral;migrationStage=NotStarted}
{"logTime": "0303/102639", "correlationVector":"tDmjRzNcOI6l+IaVjXdS1+","action":"Initial GetUpdates", "result":"", "context":Reason: NEWLY_SUPPORTED_DATATYPE. cV=tDmjRzNcOI6l+IaVjXdS1+}
{"logTime": "0303/102640", "correlationVector":"tDmjRzNcOI6l+IaVjXdS1+.1","action":"SyncServerConnectionManagerRequest", "result":"SYNC_SERVER_OK", "context":{"environment":"Prod_germanywestcentral_prod-s01-011-eur-germanywestcentral", "migrationStage":"NotStarted", "server":"akswtt00200004b"}}
{"logTime": "0303/102640", "correlationVector":"tDmjRzNcOI6l+IaVjXdS1+.2","action":"ProcessGetUpdates", "result":"Done", "context":{"dataType":"History", "deleted":"0", "process_failed_to_decrypt":"0", "process_pending_decryption":"0", "process_success":"173", "total":"173"}}
{"logTime": "0303/102640", "correlationVector":"tDmjRzNcOI6l+IaVjXdS1+.3","action":"GetUpdates Response", "result":"Success", "context":Received 173 update(s). cV=tDmjRzNcOI6l+IaVjXdS1+.0;server=akswtt00200004b;cloudType=Consumer;environment=Prod_germanywestcentral_prod-s01-011-eur-germanywestcentral;migrationStage=NotStarted}
{"logTime": "0303/102640", "correlationVector":"vbDuPP6rtVjD2nmSL14Mh4","action":"Normal GetUpdate request", "result":"", "context":cV=vbDuPP6rtVjD2nmSL14Mh4
Nudged types: Sessions, Device Info, User Consents
Refresh requested types: Bookmarks, Preferences, Passwords, Autofill Profiles, Autofill, Extensions, Sessions, Extension settings, History Delete Directives, Device Info, User Consents, Send Tab To Self, Web Apps, History, Saved Tab Group, WebAuthn Credentials, Collection, Edge E Drop, Edge Hub App Usage, Edge Wallet, Edge Workspace, Encryption Keys}
{"logTime": "0303/102640", "correlationVector":"vbDuPP6rtVjD2nmSL14Mh4.1","action":"SyncServerConnectionManagerRequest", "result":"SYNC_SERVER_OK", "context":{"environment":"Prod_germanywestcentral_prod-s01-011-eur-germanywestcentral", "migrationStage":"NotStarted", "server":"akswtt002000037"}}
{"logTime": "0303/102640", "correlationVector":"vbDuPP6rtVjD2nmSL14Mh4.2","action":"GetUpdates Response", "result":"Success", "context":Received 0 update(s). cV=vbDuPP6rtVjD2nmSL14Mh4.0;server=akswtt002000037;cloudType=Consumer;environment=Prod_germanywestcentral_prod-s01-011-eur-germanywestcentral;migrationStage=NotStarted}
{"logTime": "0303/102640", "correlationVector":"0OUcSsB+0nh1gyLvi/X8U5","action":"DoCompareDataConsistency requsted types: ", "result":"Bookmarks, Preferences, Passwords, Extensions, Extension settings, History Delete Directives, Send Tab To Self, Web Apps, History, Saved Tab Group, WebAuthn Credentials, Collection, Edge E Drop, Edge Wallet, Edge Workspace, Encryption Keys"}
{"logTime": "0303/102640", "correlationVector":"0OUcSsB+0nh1gyLvi/X8U5.0","action":"CompareDataConsistency result: ", "result":"Compare result: Encryption Keys is consistent. local entities count is: 1 local entities hash is: 1bSCl5uO3oDPfnLc7sujv2UJ05M="}
{"logTime": "0303/102640", "correlationVector":"0OUcSsB+0nh1gyLvi/X8U5.1","action":"CompareDataConsistency result: ", "result":"Compare result: Bookmarks is consistent. local entities count is: 1 local entities hash is: uor/4p/DANaZOv/O+S+quildPOY="}
{"logTime": "0303/102640", "correlationVector":"0OUcSsB+0nh1gyLvi/X8U5.2","action":"CompareDataConsistency result: ", "result":"Compare result: Preferences is consistent. local entities count is: 66 local entities hash is: h2tWcybgLYj+cIgUDCrEMCldcdE="}
{"logTime": "0303/102640", "correlationVector":"0OUcSsB+0nh1gyLvi/X8U5.3","action":"CompareDataConsistency result: ", "result":"Compare result: Extensions is consistent. local entities count is: 0 local entities hash is: "}
{"logTime": "0303/102640", "correlationVector":"0OUcSsB+0nh1gyLvi/X8U5.4","action":"CompareDataConsistency result: ", "result":"Compare result: Extension settings is consistent. local entities count is: 0 local entities hash is: "}
{"logTime": "0303/102640", "correlationVector":"0OUcSsB+0nh1gyLvi/X8U5.5","action":"CompareDataConsistency result: ", "result":"Compare result: History Delete Directives is consistent. local entities count is: 0 local entities hash is: "}
{"logTime": "0303/102640", "correlationVector":"0OUcSsB+0nh1gyLvi/X8U5.6","action":"CompareDataConsistency result: ", "result":"Server did not send this Send Tab To Self local entities count is: 0 local entities hash is: "}
{"logTime": "0303/102640", "correlationVector":"0OUcSsB+0nh1gyLvi/X8U5.7","action":"CompareDataConsistency result: ", "result":"Compare result: Web Apps is consistent. local entities count is: 0 local entities hash is: "}
{"logTime": "0303/102640", "correlationVector":"0OUcSsB+0nh1gyLvi/X8U5.8","action":"CompareDataConsistency result: ", "result":"Server did not send this History local entities count is: 0 local entities hash is: "}
{"logTime": "0303/102640", "correlationVector":"0OUcSsB+0nh1gyLvi/X8U5.9","action":"CompareDataConsistency result: ", "result":"Compare result: Saved Tab Group is consistent. local entities count is: 0 local entities hash is: "}
{"logTime": "0303/102640", "correlationVector":"0OUcSsB+0nh1gyLvi/X8U5.10","action":"CompareDataConsistency result: ", "result":"Server did not send this WebAuthn Credentials local entities count is: 0 local entities hash is: "}
{"logTime": "0303/102640", "correlationVector":"0OUcSsB+0nh1gyLvi/X8U5.11","action":"CompareDataConsistency result: ", "result":"Compare result: Collection is consistent. local entities count is: 0 local entities hash is: "}
{"logTime": "0303/102640", "correlationVector":"0OUcSsB+0nh1gyLvi/X8U5.12","action":"CompareDataConsistency result: ", "result":"Compare result: Edge E Drop is consistent. local entities count is: 0 local entities hash is: "}
{"logTime": "0303/102640", "correlationVector":"0OUcSsB+0nh1gyLvi/X8U5.13","action":"CompareDataConsistency result: ", "result":"Compare result: Edge Wallet is consistent. local entities count is: 0 local entities hash is: "}
{"logTime": "0303/102640", "correlationVector":"0OUcSsB+0nh1gyLvi/X8U5.14","action":"CompareDataConsistency result: ", "result":"Server did not send this Edge Workspace local entities count is: 0 local entities hash is: "}
{"logTime": "0303/102640", "correlationVector":"0OUcSsB+0nh1gyLvi/X8U5.15","action":"CompareDataConsistency result: ", "result":"Compare result: Passwords is consistent. local entities count is: 16 local entities hash is: DWtfDiTJffEl+EmEBEP7+DBRChQ="}
{"logTime": "0303/102640", "correlationVector":"ewI7IrHBL5LyOpxhl826Ut","action":"Commit Request", "result":"", "context":Item count: 5
Contributing types: Sessions, Device Info, User Consents}
{"logTime": "0303/102641", "correlationVector":"ewI7IrHBL5LyOpxhl826Ut.1","action":"SyncServerConnectionManagerRequest", "result":"SYNC_SERVER_OK", "context":{"environment":"Prod_germanywestcentral_prod-s01-011-eur-germanywestcentral", "migrationStage":"NotStarted", "server":"akswtt002000043"}}
{"logTime": "0303/102641", "correlationVector":"ewI7IrHBL5LyOpxhl826Ut.2","action":"Commit Response", "result":"Success", "context":Result: Success. cV=ewI7IrHBL5LyOpxhl826Ut.0;server=akswtt002000043;cloudType=Consumer;environment=Prod_germanywestcentral_prod-s01-011-eur-germanywestcentral;migrationStage=NotStarted}
{"logTime": "0303/102641", "correlationVector":"","action":"DIAGNOSTIC_REQUEST|v1/diagnosticData/Diagnostic.SendCheckResult()|SUCCESS", "result":""}
{"logTime": "0303/102641", "correlationVector":"37Cv7E4rUwV0d53Jkbwznu","action":"Commit Request", "result":"", "context":Item count: 15
Contributing types: Preferences, Passwords}
{"logTime": "0303/102642", "correlationVector":"37Cv7E4rUwV0d53Jkbwznu.1","action":"SyncServerConnectionManagerRequest", "result":"SYNC_SERVER_OK", "context":{"environment":"Prod_germanywestcentral_prod-s01-011-eur-germanywestcentral", "migrationStage":"NotStarted", "server":"akswtt00200004b"}}
{"logTime": "0303/102642", "correlationVector":"37Cv7E4rUwV0d53Jkbwznu.2","action":"Commit Response", "result":"Success", "context":Result: Success. cV=37Cv7E4rUwV0d53Jkbwznu.0;server=akswtt00200004b;cloudType=Consumer;environment=Prod_germanywestcentral_prod-s01-011-eur-germanywestcentral;migrationStage=NotStarted}
